TN:
SF:/Users/wrlc/dev/playground/reactNative/goNative/desafio4/__tests__/setup.js
FNF:0
FNH:0
DA:4,5
LF:1
LH:1
BRF:0
BRH:0
end_of_record
TN:
SF:/Users/wrlc/dev/playground/reactNative/goNative/desafio4/src/pages/cart/index.js
FN:14,(anonymous_0)
FN:28,(anonymous_1)
FN:37,(anonymous_2)
FN:38,(anonymous_3)
FN:51,(anonymous_4)
FN:53,(anonymous_5)
FNF:6
FNH:4
FNDA:0,(anonymous_0)
FNDA:5,(anonymous_1)
FNDA:0,(anonymous_2)
FNDA:1,(anonymous_3)
FNDA:2,(anonymous_4)
FNDA:4,(anonymous_5)
DA:14,0
DA:29,5
DA:31,5
DA:37,0
DA:38,1
DA:51,2
DA:53,4
LF:7
LH:5
BRF:0
BRH:0
end_of_record
TN:
SF:/Users/wrlc/dev/playground/reactNative/goNative/desafio4/src/pages/cart/styles.js
FNF:0
FNH:0
DA:4,1
LF:1
LH:1
BRF:0
BRH:0
end_of_record
TN:
SF:/Users/wrlc/dev/playground/reactNative/goNative/desafio4/src/pages/cart/components/CartItem/index.js
FN:28,(anonymous_0)
FN:32,(anonymous_1)
FN:44,(anonymous_2)
FN:57,(anonymous_3)
FN:60,(anonymous_4)
FN:69,(anonymous_5)
FNF:6
FNH:6
FNDA:11,(anonymous_0)
FNDA:2,(anonymous_1)
FNDA:13,(anonymous_2)
FNDA:2,(anonymous_3)
FNDA:1,(anonymous_4)
FNDA:5,(anonymous_5)
DA:29,11
DA:33,2
DA:35,2
DA:36,1
DA:37,1
DA:39,1
DA:40,1
DA:45,13
DA:46,13
DA:57,2
DA:60,1
DA:69,2
DA:70,5
LF:13
LH:13
BRDA:35,0,0,1
BRDA:35,0,1,1
BRDA:35,1,0,2
BRDA:35,1,1,1
BRF:4
BRH:4
end_of_record
TN:
SF:/Users/wrlc/dev/playground/reactNative/goNative/desafio4/src/pages/cart/components/CartItem/styles.js
FNF:0
FNH:0
DA:4,2
LF:1
LH:1
BRF:0
BRH:0
end_of_record
TN:
SF:/Users/wrlc/dev/playground/reactNative/goNative/desafio4/src/pages/productDetail/index.js
FN:35,(anonymous_0)
FN:38,(anonymous_1)
FN:43,(anonymous_2)
FN:60,(anonymous_3)
FN:71,(anonymous_4)
FN:75,(anonymous_5)
FNF:6
FNH:5
FNDA:0,(anonymous_0)
FNDA:1,(anonymous_1)
FNDA:8,(anonymous_2)
FNDA:1,(anonymous_3)
FNDA:3,(anonymous_4)
FNDA:3,(anonymous_5)
DA:35,0
DA:39,1
DA:40,1
DA:44,8
DA:45,8
DA:60,1
DA:71,3
DA:75,1
DA:76,3
LF:9
LH:8
BRF:0
BRH:0
end_of_record
TN:
SF:/Users/wrlc/dev/playground/reactNative/goNative/desafio4/src/pages/productDetail/styles.js
FNF:0
FNH:0
DA:4,1
LF:1
LH:1
BRF:0
BRH:0
end_of_record
TN:
SF:/Users/wrlc/dev/playground/reactNative/goNative/desafio4/src/services/api.js
FNF:0
FNH:0
DA:3,1
LF:1
LH:1
BRF:0
BRH:0
end_of_record
TN:
SF:/Users/wrlc/dev/playground/reactNative/goNative/desafio4/src/store/ducks/cart.js
FN:15,cart
FN:28,(anonymous_1)
FN:33,(anonymous_2)
FN:38,(anonymous_3)
FN:43,(anonymous_4)
FN:48,(anonymous_5)
FNF:6
FNH:6
FNDA:26,cart
FNDA:5,(anonymous_1)
FNDA:13,(anonymous_2)
FNDA:10,(anonymous_3)
FNDA:4,(anonymous_4)
FNDA:6,(anonymous_5)
DA:1,5
DA:9,5
DA:16,26
DA:18,5
DA:20,4
DA:22,17
DA:26,5
DA:28,5
DA:33,13
DA:38,10
DA:43,4
DA:48,6
LF:12
LH:12
BRDA:15,0,0,0
BRDA:15,1,0,0
BRDA:16,2,0,5
BRDA:16,2,1,4
BRDA:16,2,2,17
BRF:5
BRH:3
end_of_record
TN:
SF:/Users/wrlc/dev/playground/reactNative/goNative/desafio4/src/store/ducks/categories.js
FN:17,categories
FN:35,(anonymous_1)
FN:39,(anonymous_2)
FN:44,(anonymous_3)
FN:49,(anonymous_4)
FN:54,(anonymous_5)
FN:58,(anonymous_6)
FNF:7
FNH:0
FNDA:0,categories
FNDA:0,(anonymous_1)
FNDA:0,(anonymous_2)
FNDA:0,(anonymous_3)
FNDA:0,(anonymous_4)
FNDA:0,(anonymous_5)
FNDA:0,(anonymous_6)
DA:1,1
DA:10,1
DA:18,0
DA:20,0
DA:22,0
DA:24,0
DA:26,0
DA:28,0
DA:30,0
DA:34,1
DA:35,0
DA:39,0
DA:44,0
DA:49,0
DA:54,0
DA:58,0
LF:16
LH:3
BRDA:17,0,0,0
BRDA:17,1,0,0
BRDA:18,2,0,0
BRDA:18,2,1,0
BRDA:18,2,2,0
BRDA:18,2,3,0
BRDA:18,2,4,0
BRDA:18,2,5,0
BRF:8
BRH:0
end_of_record
TN:
SF:/Users/wrlc/dev/playground/reactNative/goNative/desafio4/src/store/ducks/products.js
FN:15,(anonymous_0)
FN:31,(anonymous_1)
FN:35,(anonymous_2)
FN:40,(anonymous_3)
FN:45,(anonymous_4)
FNF:5
FNH:0
FNDA:0,(anonymous_0)
FNDA:0,(anonymous_1)
FNDA:0,(anonymous_2)
FNDA:0,(anonymous_3)
FNDA:0,(anonymous_4)
DA:1,1
DA:8,1
DA:16,0
DA:18,0
DA:20,0
DA:22,0
DA:24,0
DA:26,0
DA:30,1
DA:31,0
DA:35,0
DA:40,0
DA:45,0
LF:13
LH:3
BRDA:15,0,0,0
BRDA:15,1,0,0
BRDA:16,2,0,0
BRDA:16,2,1,0
BRDA:16,2,2,0
BRDA:16,2,3,0
BRDA:16,2,4,0
BRF:7
BRH:0
end_of_record
TN:
SF:/Users/wrlc/dev/playground/reactNative/goNative/desafio4/src/store/sagas/cart.js
FN:5,addToCart
FN:7,(anonymous_1)
FN:8,(anonymous_2)
FN:21,removeFromCart
FN:23,(anonymous_4)
FN:24,(anonymous_5)
FN:31,updateQty
FN:33,(anonymous_7)
FN:34,(anonymous_8)
FNF:9
FNH:9
FNDA:3,addToCart
FNDA:3,(anonymous_1)
FNDA:2,(anonymous_2)
FNDA:2,removeFromCart
FNDA:2,(anonymous_4)
FNDA:2,(anonymous_5)
FNDA:2,updateQty
FNDA:2,(anonymous_7)
FNDA:2,(anonymous_8)
DA:6,3
DA:7,3
DA:8,3
DA:9,2
DA:10,1
DA:11,1
DA:13,1
DA:15,2
DA:17,1
DA:22,2
DA:23,2
DA:24,2
DA:25,1
DA:27,1
DA:32,2
DA:33,2
DA:34,2
DA:35,1
DA:36,1
DA:38,1
LF:20
LH:20
BRDA:8,0,0,3
BRDA:8,0,1,0
BRDA:9,1,0,1
BRDA:9,1,1,1
BRF:4
BRH:3
end_of_record
TN:
SF:/Users/wrlc/dev/playground/reactNative/goNative/desafio4/src/store/sagas/categories.js
FN:6,getCategories
FN:11,(anonymous_1)
FN:20,setCategory
FNF:3
FNH:0
FNDA:0,getCategories
FNDA:0,(anonymous_1)
FNDA:0,setCategory
DA:7,0
DA:8,0
DA:9,0
DA:11,0
DA:12,0
DA:13,0
DA:16,0
DA:21,0
LF:8
LH:0
BRDA:12,0,0,0
BRDA:12,0,1,0
BRDA:12,1,0,0
BRDA:12,1,1,0
BRF:4
BRH:0
end_of_record
TN:
SF:/Users/wrlc/dev/playground/reactNative/goNative/desafio4/src/store/sagas/index.js
FN:10,rootSaga
FNF:1
FNH:1
FNDA:6,rootSaga
DA:11,6
LF:1
LH:1
BRF:0
BRH:0
end_of_record
TN:
SF:/Users/wrlc/dev/playground/reactNative/goNative/desafio4/src/store/sagas/products.js
FN:6,getProducts
FN:9,(anonymous_1)
FNF:2
FNH:0
FNDA:0,getProducts
FNDA:0,(anonymous_1)
DA:7,0
DA:8,0
DA:9,0
DA:10,0
DA:11,0
DA:13,0
LF:6
LH:0
BRF:0
BRH:0
end_of_record
TN:
SF:/Users/wrlc/dev/playground/reactNative/goNative/desafio4/src/styles/colors.js
FNF:0
FNH:0
LF:0
LH:0
BRF:0
BRH:0
end_of_record
TN:
SF:/Users/wrlc/dev/playground/reactNative/goNative/desafio4/src/styles/index.js
FNF:0
FNH:0
LF:0
LH:0
BRF:0
BRH:0
end_of_record
TN:
SF:/Users/wrlc/dev/playground/reactNative/goNative/desafio4/src/styles/metrics.js
FNF:0
FNH:0
DA:3,3
LF:1
LH:1
BRDA:11,0,0,3
BRDA:11,0,1,0
BRDA:12,1,0,3
BRDA:12,1,1,0
BRF:4
BRH:2
end_of_record
